# JRE version: OpenJDK Runtime Environment (15.0.1+9) (build 15.0.1+9-18)
# Java VM: OpenJDK 64-Bit Server VM (15.0.1+9-18, mixed mode, tiered, compressed oops, g1 gc, windows-amd64)
GC Precious Log:
 CPUs: 4 total, 4 available
 Memory: 4013M
 Large Page Support: Disabled
 NUMA Support: Disabled
 Compressed Oops: Enabled (32-bit)
 Heap Region Size: 1M
 Heap Min Capacity: 8M
 Heap Initial Capacity: 64M
 Heap Max Capacity: 1004M
 Pre-touch: Disabled
 Parallel Workers: 4
 Concurrent Workers: 1
 Concurrent Refinement Workers: 4
 Periodic GC: Disabled
Heap:
 garbage-first heap   total 37888K, used 13546K [0x00000000c1400000, 0x0000000100000000)
  region size 1024K, 4 young (4096K), 2 survivors (2048K)
 Metaspace       used 29131K, capacity 29435K, committed 29616K, reserved 1075200K
  class space    used 3143K, capacity 3232K, committed 3328K, reserved 1048576K
GC Heap History (10 events):
Event: 0.968 GC heap before
{Heap before GC invocations=0 (full 0):
 garbage-first heap   total 65536K, used 13312K [0x00000000c1400000, 0x0000000100000000)
  region size 1024K, 13 young (13312K), 0 survivors (0K)
 Metaspace       used 13204K, capacity 13393K, committed 13696K, reserved 1060864K
  class space    used 1253K, capacity 1330K, committed 1408K, reserved 1048576K
}
Event: 0.975 GC heap after
{Heap after GC invocations=1 (full 0):
 garbage-first heap   total 65536K, used 5841K [0x00000000c1400000, 0x0000000100000000)
  region size 1024K, 2 young (2048K), 2 survivors (2048K)
 Metaspace       used 13204K, capacity 13393K, committed 13696K, reserved 1060864K
  class space    used 1253K, capacity 1330K, committed 1408K, reserved 1048576K
}
Event: 1.299 GC heap before
{Heap before GC invocations=1 (full 0):
 garbage-first heap   total 65536K, used 15057K [0x00000000c1400000, 0x0000000100000000)
  region size 1024K, 12 young (12288K), 2 survivors (2048K)
 Metaspace       used 16679K, capacity 16903K, committed 17152K, reserved 1064960K
  class space    used 1658K, capacity 1725K, committed 1792K, reserved 1048576K
}
Event: 1.304 GC heap after
{Heap after GC invocations=2 (full 0):
 garbage-first heap   total 65536K, used 7454K [0x00000000c1400000, 0x0000000100000000)
  region size 1024K, 2 young (2048K), 2 survivors (2048K)
 Metaspace       used 16679K, capacity 16903K, committed 17152K, reserved 1064960K
  class space    used 1658K, capacity 1725K, committed 1792K, reserved 1048576K
}
Event: 1.763 GC heap before
{Heap before GC invocations=2 (full 0):
 garbage-first heap   total 65536K, used 17694K [0x00000000c1400000, 0x0000000100000000)
  region size 1024K, 13 young (13312K), 2 survivors (2048K)
 Metaspace       used 21026K, capacity 21203K, committed 21296K, reserved 1069056K
  class space    used 2103K, capacity 2175K, committed 2176K, reserved 1048576K
}
Event: 1.767 GC heap after
{Heap after GC invocations=3 (full 0):
 garbage-first heap   total 65536K, used 8815K [0x00000000c1400000, 0x0000000100000000)
  region size 1024K, 3 young (3072K), 3 survivors (3072K)
 Metaspace       used 21026K, capacity 21203K, committed 21296K, reserved 1069056K
  class space    used 2103K, capacity 2175K, committed 2176K, reserved 1048576K
}
Event: 2.906 GC heap before
{Heap before GC invocations=4 (full 0):
 garbage-first heap   total 34816K, used 31343K [0x00000000c1400000, 0x0000000100000000)
  region size 1024K, 25 young (25600K), 3 survivors (3072K)
 Metaspace       used 25336K, capacity 25547K, committed 25776K, reserved 1073152K
  class space    used 2643K, capacity 2727K, committed 2816K, reserved 1048576K
}
Event: 2.920 GC heap after
{Heap after GC invocations=5 (full 0):
 garbage-first heap   total 37888K, used 11345K [0x00000000c1400000, 0x0000000100000000)
  region size 1024K, 4 young (4096K), 4 survivors (4096K)
 Metaspace       used 25336K, capacity 25547K, committed 25776K, reserved 1073152K
  class space    used 2643K, capacity 2727K, committed 2816K, reserved 1048576K
}
Event: 6.467 GC heap before
{Heap before GC invocations=5 (full 0):
 garbage-first heap   total 37888K, used 22609K [0x00000000c1400000, 0x0000000100000000)
  region size 1024K, 16 young (16384K), 4 survivors (4096K)
 Metaspace       used 28912K, capacity 29141K, committed 29232K, reserved 1075200K
  class space    used 3119K, capacity 3199K, committed 3200K, reserved 1048576K
}
Event: 6.477 GC heap after
{Heap after GC invocations=6 (full 0):
 garbage-first heap   total 37888K, used 12522K [0x00000000c1400000, 0x0000000100000000)
  region size 1024K, 2 young (2048K), 2 survivors (2048K)
 Metaspace       used 28912K, capacity 29141K, committed 29232K, reserved 1075200K
  class space    used 3119K, capacity 3199K, committed 3200K, reserved 1048576K
}

