<?xml version="1.0" encoding="UTF-8"?>
<!-- Generated by org.testng.reporters.JUnitXMLReporter -->
<testsuite ignored="3" hostname="DESKTOP-LHELV1T" failures="0" tests="1" name="Test(failed)" time="17.843" errors="0" timestamp="09 Jun 2021 06:27:36 GMT">
  <testcase classname="TestCases.Usermenudropdown" name="testCase08_developerConsole" time="9.923"/>
  <testcase classname="TestCases.Usermenudropdown" name="testCase05" time="0.0">
    <ignored/>
  </testcase> <!-- testCase05 -->
  <testcase classname="TestCases.Usermenudropdown" name="testCase06" time="0.0">
    <ignored/>
  </testcase> <!-- testCase06 -->
  <testcase classname="TestCases.Usermenudropdown" name="TestCase9_Logout" time="0.0">
    <ignored/>
  </testcase> <!-- TestCase9_Logout -->
</testsuite> <!-- Test(failed) -->
