<?xml version="1.0" encoding="UTF-8"?>
<!-- Generated by org.testng.reporters.JUnitXMLReporter -->
<testsuite ignored="1" hostname="DESKTOP-LHELV1T" failures="0" tests="1" name="Test(failed)(failed)(failed)(failed)" time="30.744" errors="0" timestamp="08 Jun 2021 23:20:10 GMT">
  <testcase classname="TestCases.Usermenudropdown" name="testCase06" time="22.982"/>
  <testcase classname="TestCases.Usermenudropdown" name="testCase05" time="0.0">
    <ignored/>
  </testcase> <!-- testCase05 -->
</testsuite> <!-- Test(failed)(failed)(failed)(failed) -->
