<?xml version="1.0" encoding="UTF-8"?>
<testng-results ignored="4" total="14" passed="9" failed="1" skipped="0">
  <reporter-output>
  </reporter-output>
  <suite started-at="2021-06-10T04:54:34Z" name="Suite" finished-at="2021-06-10T04:58:22Z" duration-ms="228143">
    <groups>
    </groups>
    <test started-at="2021-06-10T04:54:34Z" name="Test" finished-at="2021-06-10T04:58:22Z" duration-ms="228143">
      <class name="TestCases.UserAccount">
        <test-method is-config="true" signature="createReport(java.lang.reflect.Method, java.lang.String)[pri:0, instance:TestCases.UserAccount@5c669da8]" started-at="2021-06-09T21:57:20Z" name="createReport" finished-at="2021-06-09T21:57:23Z" duration-ms="2522" status="PASS">
          <params>
            <param index="0">
              <value>
                <![CDATA[public void TestCases.UserAccount.TestCase10_CreateAccount(java.lang.String) throws java.io.IOException]]>
              </value>
            </param>
            <param index="1">
              <value>
                <![CDATA[Chrome]]>
              </value>
            </param>
          </params>
          <reporter-output>
          </reporter-output>
        </test-method> <!-- createReport -->
        <test-method signature="TestCase10_CreateAccount(java.lang.String)[pri:0, instance:TestCases.UserAccount@5c669da8]" started-at="2021-06-09T21:57:23Z" name="TestCase10_CreateAccount" data-provider="Accounts_Name" finished-at="2021-06-09T21:57:39Z" duration-ms="16365" status="PASS">
          <params>
            <param index="0">
              <value>
                <![CDATA[Jinesh]]>
              </value>
            </param>
          </params>
          <reporter-output>
          </reporter-output>
        </test-method> <!-- TestCase10_CreateAccount -->
        <test-method is-config="true" signature="closure()[pri:0, instance:TestCases.UserAccount@5c669da8]" started-at="2021-06-09T21:57:39Z" name="closure" finished-at="2021-06-09T21:57:42Z" duration-ms="3319" status="PASS">
          <reporter-output>
          </reporter-output>
        </test-method> <!-- closure -->
        <test-method is-config="true" signature="createReport(java.lang.reflect.Method, java.lang.String)[pri:0, instance:TestCases.UserAccount@5c669da8]" started-at="2021-06-09T21:57:42Z" name="createReport" finished-at="2021-06-09T21:57:45Z" duration-ms="2639" status="PASS">
          <params>
            <param index="0">
              <value>
                <![CDATA[public void TestCases.UserAccount.TestCase11_CreateView(java.lang.String,java.lang.String) throws java.io.IOException]]>
              </value>
            </param>
            <param index="1">
              <value>
                <![CDATA[Chrome]]>
              </value>
            </param>
          </params>
          <reporter-output>
          </reporter-output>
        </test-method> <!-- createReport -->
        <test-method signature="TestCase11_CreateView(java.lang.String, java.lang.String)[pri:0, instance:TestCases.UserAccount@5c669da8]" started-at="2021-06-09T21:57:45Z" name="TestCase11_CreateView" data-provider="View_Name" finished-at="2021-06-09T21:58:18Z" duration-ms="32737" status="FAIL">
          <params>
            <param index="0">
              <value>
                <![CDATA[Today's view]]>
              </value>
            </param>
            <param index="1">
              <value>
                <![CDATA[TD1]]>
              </value>
            </param>
          </params>
          <exception class="org.openqa.selenium.NoSuchElementException">
            <message>
              <![CDATA[no such element: Unable to locate element: {"method":"xpath","selector":"//select[@name='fcf']"}
  (Session info: chrome=91.0.4472.77)
For documentation on this error, please visit: https://www.seleniumhq.org/exceptions/no_such_element.html
Build info: version: '3.141.59', revision: 'e82be7d358', time: '2018-11-14T08:17:03'
System info: host: 'DESKTOP-LHELV1T', ip: '10.0.0.23', os.name: 'Windows 10', os.arch: 'amd64', os.version: '10.0', java.version: '15.0.1'
Driver info: org.openqa.selenium.chrome.ChromeDriver
Capabilities {acceptInsecureCerts: false, browserName: chrome, browserVersion: 91.0.4472.77, chrome: {chromedriverVersion: 91.0.4472.19 (1bf021f248676..., userDataDir: C:\Users\rujul\AppData\Loca...}, goog:chromeOptions: {debuggerAddress: localhost:61417}, javascriptEnabled: true, networkConnectionEnabled: false, pageLoadStrategy: normal, platform: WINDOWS, platformName: WINDOWS, proxy: Proxy(), setWindowRect: true, strictFileInteractability: false, timeouts: {implicit: 0, pageLoad: 300000, script: 30000}, unhandledPromptBehavior: dismiss and notify, webauthn:extension:largeBlob: true, webauthn:virtualAuthenticators: true}
Session ID: f75d6783d259e873bde6cc55d04c93a4
*** Element info: {Using=xpath, value=//select[@name='fcf']}]]>
            </message>
            <full-stacktrace>
              <![CDATA[org.openqa.selenium.NoSuchElementException: no such element: Unable to locate element: {"method":"xpath","selector":"//select[@name='fcf']"}
  (Session info: chrome=91.0.4472.77)
For documentation on this error, please visit: https://www.seleniumhq.org/exceptions/no_such_element.html
Build info: version: '3.141.59', revision: 'e82be7d358', time: '2018-11-14T08:17:03'
System info: host: 'DESKTOP-LHELV1T', ip: '10.0.0.23', os.name: 'Windows 10', os.arch: 'amd64', os.version: '10.0', java.version: '15.0.1'
Driver info: org.openqa.selenium.chrome.ChromeDriver
Capabilities {acceptInsecureCerts: false, browserName: chrome, browserVersion: 91.0.4472.77, chrome: {chromedriverVersion: 91.0.4472.19 (1bf021f248676..., userDataDir: C:\Users\rujul\AppData\Loca...}, goog:chromeOptions: {debuggerAddress: localhost:61417}, javascriptEnabled: true, networkConnectionEnabled: false, pageLoadStrategy: normal, platform: WINDOWS, platformName: WINDOWS, proxy: Proxy(), setWindowRect: true, strictFileInteractability: false, timeouts: {implicit: 0, pageLoad: 300000, script: 30000}, unhandledPromptBehavior: dismiss and notify, webauthn:extension:largeBlob: true, webauthn:virtualAuthenticators: true}
Session ID: f75d6783d259e873bde6cc55d04c93a4
*** Element info: {Using=xpath, value=//select[@name='fcf']}
	at jdk.internal.reflect.GeneratedConstructorAccessor34.newInstance(Unknown Source)
	at java.base/jdk.internal.reflect.DelegatingConstructorAccessorImpl.newInstance(DelegatingConstructorAccessorImpl.java:45)
	at java.base/java.lang.reflect.Constructor.newInstanceWithCaller(Constructor.java:500)
	at java.base/java.lang.reflect.Constructor.newInstance(Constructor.java:481)
	at org.openqa.selenium.remote.http.W3CHttpResponseCodec.createException(W3CHttpResponseCodec.java:187)
	at org.openqa.selenium.remote.http.W3CHttpResponseCodec.decode(W3CHttpResponseCodec.java:122)
	at org.openqa.selenium.remote.http.W3CHttpResponseCodec.decode(W3CHttpResponseCodec.java:49)
	at org.openqa.selenium.remote.HttpCommandExecutor.execute(HttpCommandExecutor.java:158)
	at org.openqa.selenium.remote.service.DriverCommandExecutor.execute(DriverCommandExecutor.java:83)
	at org.openqa.selenium.remote.RemoteWebDriver.execute(RemoteWebDriver.java:552)
	at org.openqa.selenium.remote.RemoteWebDriver.findElement(RemoteWebDriver.java:323)
	at org.openqa.selenium.remote.RemoteWebDriver.findElementByXPath(RemoteWebDriver.java:428)
	at org.openqa.selenium.By$ByXPath.findElement(By.java:353)
	at org.openqa.selenium.remote.RemoteWebDriver.findElement(RemoteWebDriver.java:315)
	at org.openqa.selenium.support.pagefactory.DefaultElementLocator.findElement(DefaultElementLocator.java:69)
	at org.openqa.selenium.support.pagefactory.internal.LocatingElementHandler.invoke(LocatingElementHandler.java:38)
	at com.sun.proxy.$Proxy15.getTagName(Unknown Source)
	at org.openqa.selenium.support.ui.Select.<init>(Select.java:45)
	at TestCases.UserAccount.TestCase11_CreateView(UserAccount.java:53)
	at java.base/jdk.internal.reflect.NativeMethodAccessorImpl.invoke0(Native Method)
	at java.base/jdk.internal.reflect.NativeMethodAccessorImpl.invoke(NativeMethodAccessorImpl.java:64)
	at java.base/jdk.internal.reflect.DelegatingMethodAccessorImpl.invoke(DelegatingMethodAccessorImpl.java:43)
	at java.base/java.lang.reflect.Method.invoke(Method.java:564)
	at org.testng.internal.MethodInvocationHelper.invokeMethod(MethodInvocationHelper.java:104)
	at org.testng.internal.Invoker.invokeMethod(Invoker.java:645)
	at org.testng.internal.Invoker.invokeTestMethod(Invoker.java:851)
	at org.testng.internal.Invoker.invokeTestMethods(Invoker.java:1177)
	at org.testng.internal.TestMethodWorker.invokeTestMethods(TestMethodWorker.java:129)
	at org.testng.internal.TestMethodWorker.run(TestMethodWorker.java:112)
	at org.testng.TestRunner.privateRun(TestRunner.java:756)
	at org.testng.TestRunner.run(TestRunner.java:610)
	at org.testng.SuiteRunner.runTest(SuiteRunner.java:387)
	at org.testng.SuiteRunner.runSequentially(SuiteRunner.java:382)
	at org.testng.SuiteRunner.privateRun(SuiteRunner.java:340)
	at org.testng.SuiteRunner.run(SuiteRunner.java:289)
	at org.testng.SuiteRunnerWorker.runSuite(SuiteRunnerWorker.java:52)
	at org.testng.SuiteRunnerWorker.run(SuiteRunnerWorker.java:86)
	at org.testng.TestNG.runSuitesSequentially(TestNG.java:1293)
	at org.testng.TestNG.runSuitesLocally(TestNG.java:1218)
	at org.testng.TestNG.runSuites(TestNG.java:1133)
	at org.testng.TestNG.run(TestNG.java:1104)
	at org.testng.remote.AbstractRemoteTestNG.run(AbstractRemoteTestNG.java:115)
	at org.testng.remote.RemoteTestNG.initAndRun(RemoteTestNG.java:251)
	at org.testng.remote.RemoteTestNG.main(RemoteTestNG.java:77)
]]>
            </full-stacktrace>
          </exception> <!-- org.openqa.selenium.NoSuchElementException -->
          <reporter-output>
          </reporter-output>
        </test-method> <!-- TestCase11_CreateView -->
        <test-method is-config="true" signature="closure()[pri:0, instance:TestCases.UserAccount@5c669da8]" started-at="2021-06-09T21:58:18Z" name="closure" finished-at="2021-06-09T21:58:22Z" duration-ms="3298" status="PASS">
          <reporter-output>
          </reporter-output>
        </test-method> <!-- closure -->
      </class> <!-- TestCases.UserAccount -->
      <class name="TestCases.Usermenudropdown">
        <test-method is-config="true" signature="createReport(java.lang.reflect.Method, java.lang.String)[pri:0, instance:TestCases.Usermenudropdown@6337c201]" started-at="2021-06-09T21:55:40Z" name="createReport" finished-at="2021-06-09T21:55:43Z" duration-ms="2760" status="PASS">
          <params>
            <param index="0">
              <value>
                <![CDATA[public void TestCases.Usermenudropdown.testCase05() throws java.io.IOException]]>
              </value>
            </param>
            <param index="1">
              <value>
                <![CDATA[Chrome]]>
              </value>
            </param>
          </params>
          <reporter-output>
          </reporter-output>
        </test-method> <!-- createReport -->
        <test-method signature="testCase05()[pri:0, instance:TestCases.Usermenudropdown@6337c201]" started-at="2021-06-09T21:55:43Z" name="testCase05" finished-at="2021-06-09T21:55:51Z" duration-ms="8254" status="PASS">
          <reporter-output>
          </reporter-output>
        </test-method> <!-- testCase05 -->
        <test-method is-config="true" signature="closure()[pri:0, instance:TestCases.Usermenudropdown@6337c201]" started-at="2021-06-09T21:55:51Z" name="closure" finished-at="2021-06-09T21:55:55Z" duration-ms="3484" status="PASS">
          <reporter-output>
          </reporter-output>
        </test-method> <!-- closure -->
        <test-method is-config="true" signature="createReport(java.lang.reflect.Method, java.lang.String)[pri:0, instance:TestCases.Usermenudropdown@6337c201]" started-at="2021-06-09T21:55:55Z" name="createReport" finished-at="2021-06-09T21:55:58Z" duration-ms="2909" status="PASS">
          <params>
            <param index="0">
              <value>
                <![CDATA[public void TestCases.Usermenudropdown.testCase06(java.lang.String) throws java.io.IOException,java.lang.InterruptedException]]>
              </value>
            </param>
            <param index="1">
              <value>
                <![CDATA[Chrome]]>
              </value>
            </param>
          </params>
          <reporter-output>
          </reporter-output>
        </test-method> <!-- createReport -->
        <test-method signature="testCase06(java.lang.String)[pri:0, instance:TestCases.Usermenudropdown@6337c201]" started-at="2021-06-09T21:55:58Z" name="testCase06" data-provider="lastname" finished-at="2021-06-09T21:56:45Z" duration-ms="46903" status="PASS">
          <params>
            <param index="0">
              <value>
                <![CDATA[Shah]]>
              </value>
            </param>
          </params>
          <reporter-output>
          </reporter-output>
        </test-method> <!-- testCase06 -->
        <test-method is-config="true" signature="closure()[pri:0, instance:TestCases.Usermenudropdown@6337c201]" started-at="2021-06-09T21:56:45Z" name="closure" finished-at="2021-06-09T21:56:48Z" duration-ms="3243" status="PASS">
          <reporter-output>
          </reporter-output>
        </test-method> <!-- closure -->
        <test-method is-config="true" signature="createReport(java.lang.reflect.Method, java.lang.String)[pri:0, instance:TestCases.Usermenudropdown@6337c201]" started-at="2021-06-09T21:56:48Z" name="createReport" finished-at="2021-06-09T21:56:50Z" duration-ms="2320" status="PASS">
          <params>
            <param index="0">
              <value>
                <![CDATA[public void TestCases.Usermenudropdown.testCase08_developerConsole() throws java.io.IOException]]>
              </value>
            </param>
            <param index="1">
              <value>
                <![CDATA[Chrome]]>
              </value>
            </param>
          </params>
          <reporter-output>
          </reporter-output>
        </test-method> <!-- createReport -->
        <test-method signature="testCase08_developerConsole()[pri:0, instance:TestCases.Usermenudropdown@6337c201]" started-at="2021-06-09T21:56:50Z" name="testCase08_developerConsole" finished-at="2021-06-09T21:57:02Z" duration-ms="11997" status="PASS">
          <reporter-output>
          </reporter-output>
        </test-method> <!-- testCase08_developerConsole -->
        <test-method is-config="true" signature="closure()[pri:0, instance:TestCases.Usermenudropdown@6337c201]" started-at="2021-06-09T21:57:02Z" name="closure" finished-at="2021-06-09T21:57:05Z" duration-ms="3002" status="PASS">
          <reporter-output>
          </reporter-output>
        </test-method> <!-- closure -->
        <test-method is-config="true" signature="createReport(java.lang.reflect.Method, java.lang.String)[pri:0, instance:TestCases.Usermenudropdown@6337c201]" started-at="2021-06-09T21:57:05Z" name="createReport" finished-at="2021-06-09T21:57:08Z" duration-ms="2679" status="PASS">
          <params>
            <param index="0">
              <value>
                <![CDATA[public void TestCases.Usermenudropdown.testCase09_Logout() throws java.io.IOException]]>
              </value>
            </param>
            <param index="1">
              <value>
                <![CDATA[Chrome]]>
              </value>
            </param>
          </params>
          <reporter-output>
          </reporter-output>
        </test-method> <!-- createReport -->
        <test-method signature="testCase09_Logout()[pri:0, instance:TestCases.Usermenudropdown@6337c201]" started-at="2021-06-09T21:57:08Z" name="testCase09_Logout" finished-at="2021-06-09T21:57:17Z" duration-ms="8972" status="PASS">
          <reporter-output>
          </reporter-output>
        </test-method> <!-- testCase09_Logout -->
        <test-method is-config="true" signature="closure()[pri:0, instance:TestCases.Usermenudropdown@6337c201]" started-at="2021-06-09T21:57:17Z" name="closure" finished-at="2021-06-09T21:57:20Z" duration-ms="3277" status="PASS">
          <reporter-output>
          </reporter-output>
        </test-method> <!-- closure -->
      </class> <!-- TestCases.Usermenudropdown -->
      <class name="TestCases.VerifyLogin">
        <test-method is-config="true" signature="initReport()[pri:0, instance:TestCases.VerifyLogin@490caf5f]" started-at="2021-06-09T21:54:34Z" name="initReport" finished-at="2021-06-09T21:54:34Z" duration-ms="286" status="PASS">
          <reporter-output>
          </reporter-output>
        </test-method> <!-- initReport -->
        <test-method is-config="true" signature="createReport(java.lang.reflect.Method, java.lang.String)[pri:0, instance:TestCases.VerifyLogin@490caf5f]" started-at="2021-06-09T21:54:34Z" name="createReport" finished-at="2021-06-09T21:54:40Z" duration-ms="5797" status="PASS">
          <params>
            <param index="0">
              <value>
                <![CDATA[public void TestCases.VerifyLogin.testCase01(java.lang.String) throws java.io.IOException]]>
              </value>
            </param>
            <param index="1">
              <value>
                <![CDATA[Chrome]]>
              </value>
            </param>
          </params>
          <reporter-output>
          </reporter-output>
        </test-method> <!-- createReport -->
        <test-method signature="testCase01(java.lang.String)[pri:0, instance:TestCases.VerifyLogin@490caf5f]" started-at="2021-06-09T21:54:40Z" name="testCase01" finished-at="2021-06-09T21:54:45Z" duration-ms="4396" status="PASS">
          <params>
            <param index="0">
              <value>
                <![CDATA[Chrome]]>
              </value>
            </param>
          </params>
          <reporter-output>
          </reporter-output>
        </test-method> <!-- testCase01 -->
        <test-method is-config="true" signature="closure()[pri:0, instance:TestCases.VerifyLogin@490caf5f]" started-at="2021-06-09T21:54:45Z" name="closure" finished-at="2021-06-09T21:54:48Z" duration-ms="3476" status="PASS">
          <reporter-output>
          </reporter-output>
        </test-method> <!-- closure -->
        <test-method is-config="true" signature="createReport(java.lang.reflect.Method, java.lang.String)[pri:0, instance:TestCases.VerifyLogin@490caf5f]" started-at="2021-06-09T21:54:48Z" name="createReport" finished-at="2021-06-09T21:54:52Z" duration-ms="4351" status="PASS">
          <params>
            <param index="0">
              <value>
                <![CDATA[public void TestCases.VerifyLogin.testCase02(java.lang.String) throws java.lang.Exception]]>
              </value>
            </param>
            <param index="1">
              <value>
                <![CDATA[Chrome]]>
              </value>
            </param>
          </params>
          <reporter-output>
          </reporter-output>
        </test-method> <!-- createReport -->
        <test-method signature="testCase02(java.lang.String)[pri:0, instance:TestCases.VerifyLogin@490caf5f]" started-at="2021-06-09T21:54:52Z" name="testCase02" finished-at="2021-06-09T21:55:08Z" duration-ms="15986" status="PASS">
          <params>
            <param index="0">
              <value>
                <![CDATA[Chrome]]>
              </value>
            </param>
          </params>
          <reporter-output>
          </reporter-output>
        </test-method> <!-- testCase02 -->
        <test-method is-config="true" signature="closure()[pri:0, instance:TestCases.VerifyLogin@490caf5f]" started-at="2021-06-09T21:55:08Z" name="closure" finished-at="2021-06-09T21:55:12Z" duration-ms="3303" status="PASS">
          <reporter-output>
          </reporter-output>
        </test-method> <!-- closure -->
        <test-method is-config="true" signature="createReport(java.lang.reflect.Method, java.lang.String)[pri:0, instance:TestCases.VerifyLogin@490caf5f]" started-at="2021-06-09T21:55:12Z" name="createReport" finished-at="2021-06-09T21:55:14Z" duration-ms="2654" status="PASS">
          <params>
            <param index="0">
              <value>
                <![CDATA[public void TestCases.VerifyLogin.testCase03(java.lang.String) throws java.io.IOException,java.lang.InterruptedException]]>
              </value>
            </param>
            <param index="1">
              <value>
                <![CDATA[Chrome]]>
              </value>
            </param>
          </params>
          <reporter-output>
          </reporter-output>
        </test-method> <!-- createReport -->
        <test-method signature="testCase03(java.lang.String)[pri:0, instance:TestCases.VerifyLogin@490caf5f]" started-at="2021-06-09T21:55:14Z" name="testCase03" finished-at="2021-06-09T21:55:28Z" duration-ms="13360" status="PASS">
          <params>
            <param index="0">
              <value>
                <![CDATA[Chrome]]>
              </value>
            </param>
          </params>
          <reporter-output>
          </reporter-output>
        </test-method> <!-- testCase03 -->
        <test-method is-config="true" signature="closure()[pri:0, instance:TestCases.VerifyLogin@490caf5f]" started-at="2021-06-09T21:55:28Z" name="closure" finished-at="2021-06-09T21:55:31Z" duration-ms="3295" status="PASS">
          <reporter-output>
          </reporter-output>
        </test-method> <!-- closure -->
        <test-method is-config="true" signature="createReport(java.lang.reflect.Method, java.lang.String)[pri:0, instance:TestCases.VerifyLogin@490caf5f]" started-at="2021-06-09T21:55:31Z" name="createReport" finished-at="2021-06-09T21:55:34Z" duration-ms="2515" status="PASS">
          <params>
            <param index="0">
              <value>
                <![CDATA[public void TestCases.VerifyLogin.testCase04(java.lang.String) throws java.io.IOException,java.lang.InterruptedException]]>
              </value>
            </param>
            <param index="1">
              <value>
                <![CDATA[Chrome]]>
              </value>
            </param>
          </params>
          <reporter-output>
          </reporter-output>
        </test-method> <!-- createReport -->
        <test-method signature="testCase04(java.lang.String)[pri:0, instance:TestCases.VerifyLogin@490caf5f]" started-at="2021-06-09T21:55:34Z" name="testCase04" finished-at="2021-06-09T21:55:37Z" duration-ms="3534" status="PASS">
          <params>
            <param index="0">
              <value>
                <![CDATA[Chrome]]>
              </value>
            </param>
          </params>
          <reporter-output>
          </reporter-output>
        </test-method> <!-- testCase04 -->
        <test-method is-config="true" signature="closure()[pri:0, instance:TestCases.VerifyLogin@490caf5f]" started-at="2021-06-09T21:55:37Z" name="closure" finished-at="2021-06-09T21:55:40Z" duration-ms="3258" status="PASS">
          <reporter-output>
          </reporter-output>
        </test-method> <!-- closure -->
        <test-method is-config="true" signature="teardown()[pri:0, instance:TestCases.VerifyLogin@490caf5f]" started-at="2021-06-09T21:58:22Z" name="teardown" finished-at="2021-06-09T21:58:22Z" duration-ms="706" status="PASS">
          <reporter-output>
          </reporter-output>
        </test-method> <!-- teardown -->
      </class> <!-- TestCases.VerifyLogin -->
    </test> <!-- Test -->
  </suite> <!-- Suite -->
</testng-results>
